<?xml version="1.0" encoding="UTF-8"?>
<!-- Generated by org.testng.reporters.JUnitXMLReporter -->
<testsuite hostname="HYD-LAP-00639" ignored="0" name="NisumPOC" tests="6" failures="1" timestamp="2020-05-13T17:47:06 IST" time="7.128" errors="0">
  <testcase name="validateGetEmployee" time="3.443" classname="com.nisum.poc.TestNG.EmployeeTest"/>
  <testcase name="validatecreateEmployee" time="0.0" classname="com.nisum.poc.TestNG.EmployeeTest">
    <failure type="org.testng.TestNGException" message="
Parameter &amp;apos;Method&amp;apos; is required by @Test on method validatecreateEmployee but has not been marked @Optional or defined
in C:\Users\NISUM\.IdeaIC2019.3\system\temp-testng-customsuite.xml">
      <![CDATA[org.testng.TestNGException: 
Parameter 'Method' is required by @Test on method validatecreateEmployee but has not been marked @Optional or defined
in C:\Users\NISUM\.IdeaIC2019.3\system\temp-testng-customsuite.xml
at java.util.ArrayList.forEach(ArrayList.java:1257)
at com.intellij.rt.testng.IDEARemoteTestNG.run(IDEARemoteTestNG.java:66)
at com.intellij.rt.testng.RemoteTestNGStarter.main(RemoteTestNGStarter.java:110)
... Removed 23 stack frames]]>
    </failure>
  </testcase> <!-- validatecreateEmployee -->
  <testcase name="validateupdateEmployee" time="1.786" classname="com.nisum.poc.TestNG.EmployeeTest"/>
  <testcase name="validateDeleteEmployee" time="1.003" classname="com.nisum.poc.TestNG.EmployeeTest"/>
  <testcase name="loginTest" time="0.0" classname="com.nisum.poc.TestNG.EmployeeTest"/>
  <testcase name="loginTest" time="0.0" classname="com.nisum.poc.TestNG.EmployeeTest"/>
</testsuite> <!-- NisumPOC -->
